Source.obj : error LNK2019: unresolved external symbol __imp_glBegin referenced in function "void __cdecl DrawCoodinate(void)" (?DrawCoodinate@@YAXXZ)
Source.obj : error LNK2019: unresolved external symbol __imp_glClear referenced in function "void __cdecl RenderScene(void)" (?RenderScene@@YAXXZ)
Source.obj : error LNK2019: unresolved external symbol __imp_glColor3f referenced in function "void __cdecl DrawCoodinate(void)" (?DrawCoodinate@@YAXXZ)
Source.obj : error LNK2019: unresolved external symbol __imp_glEnd referenced in function "void __cdecl DrawCoodinate(void)" (?DrawCoodinate@@YAXXZ)
Source.obj : error LNK2019: unresolved external symbol __imp_glFlush referenced in function "void __cdecl RenderScene(void)" (?RenderScene@@YAXXZ)
Source.obj : error LNK2019: unresolved external symbol __imp_glLoadIdentity referenced in function "void __cdecl ReShape(int,int)" (?ReShape@@YAXHH@Z)
Source.obj : error LNK2019: unresolved external symbol __imp_glMatrixMode referenced in function "void __cdecl ReShape(int,int)" (?ReShape@@YAXHH@Z)
Source.obj : error LNK2019: unresolved external symbol __imp_glPopMatrix referenced in function "void __cdecl RenderScene(void)" (?RenderScene@@YAXXZ)
Source.obj : error LNK2019: unresolved external symbol __imp_glPushMatrix referenced in function "void __cdecl RenderScene(void)" (?RenderScene@@YAXXZ)
Source.obj : error LNK2019: unresolved external symbol __imp_glRotatef referenced in function "void __cdecl RenderScene(void)" (?RenderScene@@YAXXZ)
Source.obj : error LNK2019: unresolved external symbol __imp_glTranslatef referenced in function "void __cdecl RenderScene(void)" (?RenderScene@@YAXXZ)
Source.obj : error LNK2019: unresolved external symbol __imp_glVertex3f referenced in function "void __cdecl DrawCoodinate(void)" (?DrawCoodinate@@YAXXZ)
Source.obj : error LNK2019: unresolved external symbol __imp_glViewport referenced in function "void __cdecl ReShape(int,int)" (?ReShape@@YAXHH@Z)
Source.obj : error LNK2019: unresolved external symbol gluPerspective referenced in function "void __cdecl ReShape(int,int)" (?ReShape@@YAXHH@Z)
Source.obj : error LNK2019: unresolved external symbol gluLookAt referenced in function "void __cdecl RenderScene(void)" (?RenderScene@@YAXXZ)
Source.obj : error LNK2019: unresolved external symbol __imp_glutInitDisplayMode referenced in function main
Source.obj : error LNK2019: unresolved external symbol __imp_glutInitWindowPosition referenced in function main
Source.obj : error LNK2019: unresolved external symbol __imp_glutInitWindowSize referenced in function main
Source.obj : error LNK2019: unresolved external symbol __imp_glutMainLoop referenced in function main
Source.obj : error LNK2019: unresolved external symbol __imp___glutCreateWindowWithExit referenced in function glutCreateWindow_ATEXIT_HACK
Source.obj : error LNK2019: unresolved external symbol __imp_glutSwapBuffers referenced in function "void __cdecl RenderScene(void)" (?RenderScene@@YAXXZ)
Source.obj : error LNK2019: unresolved external symbol __imp_glutDisplayFunc referenced in function main
Source.obj : error LNK2019: unresolved external symbol __imp_glutReshapeFunc referenced in function main
Source.obj : error LNK2019: unresolved external symbol __imp_glutWireCone referenced in function "void __cdecl RenderScene(void)" (?RenderScene@@YAXXZ)
Source.obj : error LNK2019: unresolved external symbol __imp_glutWireTorus referenced in function "void __cdecl RenderScene(void)" (?RenderScene@@YAXXZ)
Source.obj : error LNK2019: unresolved external symbol __imp_glutWireTeapot referenced in function "void __cdecl RenderScene(void)" (?RenderScene@@YAXXZ)
C:\Program Files\Microsoft Visual Studio\2022\Community\VC\Auxiliary\VS\lib\x64\opengl32.lib : warning LNK4272: library machine type 'x86' conflicts with target machine type 'x64'
C:\Program Files\Microsoft Visual Studio\2022\Community\VC\Auxiliary\VS\lib\x64\glu32.lib : warning LNK4272: library machine type 'x86' conflicts with target machine type 'x64'
C:\Program Files\Microsoft Visual Studio\2022\Community\VC\Auxiliary\VS\lib\x64\glut32.lib : warning LNK4272: library machine type 'x86' conflicts with target machine type 'x64'
C:\Users\tonhuynh\Desktop\ĐHMT\ass\Project1\x64\Debug\Project1.exe : fatal error LNK1120: 26 unresolved externals
